<?xml version="1.0"?>
<component name=" org.nuxeo.ecm.platform.sync.test.core-types">

  <require>org.nuxeo.ecm.core.CoreExtensions</require>

  <extension target="org.nuxeo.ecm.core.schema.TypeService"
    point="schema">
    <schema name="multifile" src="schemas/multifile.xsd" prefix="mfile" />
    <schema name="pict" src="schemas/pict.xsd" prefix="pict" />
  </extension>

  <extension target="org.nuxeo.ecm.core.schema.TypeService"
    point="doctype">
    <doctype name="Sample" extends="Document">
      <schema name="common" />
      <schema name="dublincore" />
      <schema name="file" />
      <schema name="multifile" />
      <schema name="pict" />
      <schema name="uid" />
      <facet name="Commentable" />
      <facet name="Versionable" />
      <facet name="Indexable" />
    </doctype>

  </extension>
</component>